0 verbose cli [
0 verbose cli   '/var/jenkins_home/tools/jenkins.plugins.nodejs.tools.NodeJSInstallation/17.9.0/bin/node',
0 verbose cli   '/var/jenkins_home/tools/jenkins.plugins.nodejs.tools.NodeJSInstallation/17.9.0/bin/npm',
0 verbose cli   'install'
0 verbose cli ]
1 info using npm@8.5.5
2 info using node@v17.9.0
3 timing npm:load:whichnode Completed in 1ms
4 timing config:load:defaults Completed in 1ms
5 timing config:load:file:/var/jenkins_home/tools/jenkins.plugins.nodejs.tools.NodeJSInstallation/17.9.0/lib/node_modules/npm/npmrc Completed in 1ms
6 timing config:load:builtin Completed in 1ms
7 timing config:load:cli Completed in 1ms
8 timing config:load:env Completed in 2ms
9 timing config:load:file:/var/jenkins_home/workspace/test-sum-node/jenkins-tests/.npmrc Completed in 0ms
10 timing config:load:project Completed in 6ms
11 timing config:load:file:/var/jenkins_home/.npmrc Completed in 1ms
12 timing config:load:user Completed in 1ms
13 timing config:load:file:/var/jenkins_home/tools/jenkins.plugins.nodejs.tools.NodeJSInstallation/17.9.0/etc/npmrc Completed in 0ms
14 timing config:load:global Completed in 0ms
15 timing config:load:validate Completed in 0ms
16 timing config:load:credentials Completed in 1ms
17 timing config:load:setEnvs Completed in 0ms
18 timing config:load Completed in 13ms
19 timing npm:load:configload Completed in 13ms
20 timing npm:load:setTitle Completed in 1ms
21 timing config:load:flatten Completed in 1ms
22 timing npm:load:display Completed in 2ms
23 verbose logfile /var/jenkins_home/.npm/_logs/2022-04-13T03_57_22_368Z-debug-0.log
24 timing npm:load:logFile Completed in 3ms
25 timing npm:load:timers Completed in 0ms
26 timing npm:load:configScope Completed in 0ms
27 timing npm:load Completed in 20ms
28 timing arborist:ctor Completed in 0ms
29 timing idealTree:init Completed in 24ms
30 warn old lockfile
30 warn old lockfile The package-lock.json file was created with an old version of npm,
30 warn old lockfile so supplemental metadata must be fetched from the registry.
30 warn old lockfile
30 warn old lockfile This is a one-time fix-up, please be patient...
30 warn old lockfile
31 silly inflate node_modules/balanced-match
32 silly inflate node_modules/brace-expansion
33 silly inflate node_modules/browser-stdout
34 silly inflate node_modules/commander
35 http fetch GET 200 https://registry.npmjs.org/balanced-match 167ms (cache miss)
36 silly inflate node_modules/concat-map
37 http fetch GET 200 https://registry.npmjs.org/browser-stdout 170ms (cache miss)
38 silly inflate node_modules/debug
39 http fetch GET 200 https://registry.npmjs.org/brace-expansion 173ms (cache miss)
40 silly inflate node_modules/diff
41 http fetch GET 200 https://registry.npmjs.org/commander 173ms (cache miss)
42 silly inflate node_modules/escape-string-regexp
43 http fetch GET 200 https://registry.npmjs.org/debug 28ms (cache miss)
44 silly inflate node_modules/fs.realpath
45 http fetch GET 200 https://registry.npmjs.org/escape-string-regexp 29ms (cache miss)
46 silly inflate node_modules/glob
47 http fetch GET 200 https://registry.npmjs.org/diff 33ms (cache miss)
48 silly inflate node_modules/growl
49 http fetch GET 200 https://registry.npmjs.org/concat-map 44ms (cache miss)
50 silly inflate node_modules/has-flag
51 http fetch GET 200 https://registry.npmjs.org/fs.realpath 25ms (cache miss)
52 silly inflate node_modules/he
53 http fetch GET 200 https://registry.npmjs.org/growl 31ms (cache miss)
54 silly inflate node_modules/inflight
55 http fetch GET 200 https://registry.npmjs.org/glob 36ms (cache miss)
56 silly inflate node_modules/inherits
57 http fetch GET 200 https://registry.npmjs.org/has-flag 32ms (cache miss)
58 silly inflate node_modules/minimatch
59 http fetch GET 200 https://registry.npmjs.org/he 38ms (cache miss)
60 silly inflate node_modules/minimist
61 http fetch GET 200 https://registry.npmjs.org/inflight 27ms (cache miss)
62 silly inflate node_modules/mkdirp
63 http fetch GET 200 https://registry.npmjs.org/minimatch 49ms (cache miss)
64 silly inflate node_modules/mocha
65 http fetch GET 200 https://registry.npmjs.org/inherits 55ms (cache miss)
66 silly inflate node_modules/ms
67 http fetch GET 200 https://registry.npmjs.org/minimist 34ms (cache miss)
68 silly inflate node_modules/once
69 http fetch GET 200 https://registry.npmjs.org/mkdirp 37ms (cache miss)
70 silly inflate node_modules/path-is-absolute
71 http fetch GET 200 https://registry.npmjs.org/ms 25ms (cache miss)
72 silly inflate node_modules/supports-color
73 http fetch GET 200 https://registry.npmjs.org/mocha 30ms (cache miss)
74 silly inflate node_modules/wrappy
75 http fetch GET 200 https://registry.npmjs.org/once 31ms (cache miss)
76 http fetch GET 200 https://registry.npmjs.org/path-is-absolute 34ms (cache miss)
77 http fetch GET 200 https://registry.npmjs.org/supports-color 27ms (cache miss)
78 http fetch GET 200 https://registry.npmjs.org/wrappy 40ms (cache miss)
79 timing idealTree:inflate Completed in 378ms
80 timing idealTree:userRequests Completed in 0ms
81 silly idealTree buildDeps
82 timing idealTree:#root Completed in 0ms
83 timing idealTree:buildDeps Completed in 1ms
84 timing idealTree:fixDepFlags Completed in 0ms
85 timing idealTree Completed in 403ms
86 timing reify:loadTrees Completed in 404ms
87 timing reify:diffTrees Completed in 1ms
88 silly reify moves {}
89 timing reify:retireShallow Completed in 1ms
90 timing reify:createSparse Completed in 6ms
91 timing reify:loadBundles Completed in 0ms
92 silly audit bulk request {
92 silly audit   'balanced-match': [ '1.0.0' ],
92 silly audit   'brace-expansion': [ '1.1.11' ],
92 silly audit   'browser-stdout': [ '1.3.1' ],
92 silly audit   commander: [ '2.15.1' ],
92 silly audit   'concat-map': [ '0.0.1' ],
92 silly audit   debug: [ '3.1.0' ],
92 silly audit   diff: [ '3.5.0' ],
92 silly audit   'escape-string-regexp': [ '1.0.5' ],
92 silly audit   'fs.realpath': [ '1.0.0' ],
92 silly audit   glob: [ '7.1.2' ],
92 silly audit   growl: [ '1.10.5' ],
92 silly audit   'has-flag': [ '3.0.0' ],
92 silly audit   he: [ '1.1.1' ],
92 silly audit   inflight: [ '1.0.6' ],
92 silly audit   inherits: [ '2.0.3' ],
92 silly audit   minimatch: [ '3.0.4' ],
92 silly audit   minimist: [ '0.0.8' ],
92 silly audit   mkdirp: [ '0.5.1' ],
92 silly audit   mocha: [ '5.2.0' ],
92 silly audit   ms: [ '2.0.0' ],
92 silly audit   once: [ '1.4.0' ],
92 silly audit   'path-is-absolute': [ '1.0.1' ],
92 silly audit   'supports-color': [ '5.4.0' ],
92 silly audit   wrappy: [ '1.0.2' ]
92 silly audit }
93 silly tarball no local data for wrappy@https://registry.npmjs.org/wrappy/-/wrappy-1.0.2.tgz. Extracting by manifest.
94 silly tarball no local data for supports-color@https://registry.npmjs.org/supports-color/-/supports-color-5.4.0.tgz. Extracting by manifest.
95 silly tarball no local data for path-is-absolute@https://registry.npmjs.org/path-is-absolute/-/path-is-absolute-1.0.1.tgz. Extracting by manifest.
96 silly tarball no local data for once@https://registry.npmjs.org/once/-/once-1.4.0.tgz. Extracting by manifest.
97 silly tarball no local data for ms@https://registry.npmjs.org/ms/-/ms-2.0.0.tgz. Extracting by manifest.
98 silly tarball no local data for mocha@https://registry.npmjs.org/mocha/-/mocha-5.2.0.tgz. Extracting by manifest.
99 silly tarball no local data for mkdirp@https://registry.npmjs.org/mkdirp/-/mkdirp-0.5.1.tgz. Extracting by manifest.
100 silly tarball no local data for minimist@https://registry.npmjs.org/minimist/-/minimist-0.0.8.tgz. Extracting by manifest.
101 silly tarball no local data for minimatch@https://registry.npmjs.org/minimatch/-/minimatch-3.0.4.tgz. Extracting by manifest.
102 silly tarball no local data for inherits@https://registry.npmjs.org/inherits/-/inherits-2.0.3.tgz. Extracting by manifest.
103 silly tarball no local data for inflight@https://registry.npmjs.org/inflight/-/inflight-1.0.6.tgz. Extracting by manifest.
104 silly tarball no local data for he@https://registry.npmjs.org/he/-/he-1.1.1.tgz. Extracting by manifest.
105 silly tarball no local data for has-flag@https://registry.npmjs.org/has-flag/-/has-flag-3.0.0.tgz. Extracting by manifest.
106 silly tarball no local data for growl@https://registry.npmjs.org/growl/-/growl-1.10.5.tgz. Extracting by manifest.
107 silly tarball no local data for glob@https://registry.npmjs.org/glob/-/glob-7.1.2.tgz. Extracting by manifest.
108 silly tarball no local data for fs.realpath@https://registry.npmjs.org/fs.realpath/-/fs.realpath-1.0.0.tgz. Extracting by manifest.
109 silly tarball no local data for escape-string-regexp@https://registry.npmjs.org/escape-string-regexp/-/escape-string-regexp-1.0.5.tgz. Extracting by manifest.
110 silly tarball no local data for diff@https://registry.npmjs.org/diff/-/diff-3.5.0.tgz. Extracting by manifest.
111 silly tarball no local data for debug@https://registry.npmjs.org/debug/-/debug-3.1.0.tgz. Extracting by manifest.
112 silly tarball no local data for concat-map@https://registry.npmjs.org/concat-map/-/concat-map-0.0.1.tgz. Extracting by manifest.
113 silly tarball no local data for commander@https://registry.npmjs.org/commander/-/commander-2.15.1.tgz. Extracting by manifest.
114 silly tarball no local data for browser-stdout@https://registry.npmjs.org/browser-stdout/-/browser-stdout-1.3.1.tgz. Extracting by manifest.
115 silly tarball no local data for brace-expansion@https://registry.npmjs.org/brace-expansion/-/brace-expansion-1.1.11.tgz. Extracting by manifest.
116 silly tarball no local data for balanced-match@https://registry.npmjs.org/balanced-match/-/balanced-match-1.0.0.tgz. Extracting by manifest.
117 http fetch GET 200 https://registry.npmjs.org/path-is-absolute/-/path-is-absolute-1.0.1.tgz 164ms (cache miss)
118 timing reifyNode:node_modules/path-is-absolute Completed in 187ms
119 http fetch GET 200 https://registry.npmjs.org/wrappy/-/wrappy-1.0.2.tgz 173ms (cache miss)
120 timing reifyNode:node_modules/wrappy Completed in 189ms
121 http fetch POST 200 https://registry.npmjs.org/-/npm/v1/security/advisories/bulk 196ms
122 timing auditReport:getReport Completed in 198ms
123 silly audit report {
123 silly audit report   minimist: [
123 silly audit report     {
123 silly audit report       id: 1067342,
123 silly audit report       url: 'https://github.com/advisories/GHSA-xvch-5gv4-984h',
123 silly audit report       title: 'Prototype Pollution in minimist',
123 silly audit report       severity: 'critical',
123 silly audit report       vulnerable_versions: '<1.2.6',
123 silly audit report       cwe: [Array],
123 silly audit report       cvss: [Object]
123 silly audit report     },
123 silly audit report     {
123 silly audit report       id: 1069430,
123 silly audit report       url: 'https://github.com/advisories/GHSA-vh95-rmgr-6w4m',
123 silly audit report       title: 'Prototype Pollution in minimist',
123 silly audit report       severity: 'moderate',
123 silly audit report       vulnerable_versions: '<0.2.1',
123 silly audit report       cwe: [Array],
123 silly audit report       cvss: [Object]
123 silly audit report     }
123 silly audit report   ]
123 silly audit report }
124 timing metavuln:packument:minimist Completed in 0ms
125 timing metavuln:cache:get:security-advisory:minimist:nZkhUdPEpKwzIx1nekYW4B7BHQyF2nm6J0JsgeP2HfA0DRMT5hhByRU71A4RPgtBbQPYEzVBozv8/mBZCafaGw== Completed in 3ms
126 timing metavuln:load:security-advisory:minimist:1067342 Completed in 1ms
127 timing metavuln:cache:get:security-advisory:minimist:YoI18bgYDMdPv8BX2CP/7doUALfjEW6S6hxn4WM4mwvsk9aLGtBPYfKlNzNv/tPbbe8wbDza469DzX7yiGa3Uw== Completed in 5ms
128 timing metavuln:load:security-advisory:minimist:1069430 Completed in 0ms
129 http fetch GET 200 https://registry.npmjs.org/supports-color/-/supports-color-5.4.0.tgz 188ms (cache miss)
130 timing reifyNode:node_modules/supports-color Completed in 207ms
131 http fetch GET 200 https://registry.npmjs.org/glob/-/glob-7.1.2.tgz 217ms (cache miss)
132 timing reifyNode:node_modules/glob Completed in 286ms
133 timing metavuln:cache:put:security-advisory:minimist:nZkhUdPEpKwzIx1nekYW4B7BHQyF2nm6J0JsgeP2HfA0DRMT5hhByRU71A4RPgtBbQPYEzVBozv8/mBZCafaGw== Completed in 95ms
134 timing metavuln:calculate:security-advisory:minimist:1067342 Completed in 100ms
135 timing metavuln:cache:put:security-advisory:minimist:YoI18bgYDMdPv8BX2CP/7doUALfjEW6S6hxn4WM4mwvsk9aLGtBPYfKlNzNv/tPbbe8wbDza469DzX7yiGa3Uw== Completed in 94ms
136 timing metavuln:calculate:security-advisory:minimist:1069430 Completed in 99ms
137 timing metavuln:packument:mkdirp Completed in 0ms
138 timing metavuln:cache:get:security-advisory:mkdirp:CE+8U4ZPtjiJPdI/iyhBm/J/6iJ6W46YsdmRUqqyg6mDC09+mfWZqqAHYSzlnfbGA992zvUCP+SrVPVrG01dvA== Completed in 2ms
139 timing metavuln:load:security-advisory:mkdirp:nZkhUdPEpKwzIx1nekYW4B7BHQyF2nm6J0JsgeP2HfA0DRMT5hhByRU71A4RPgtBbQPYEzVBozv8/mBZCafaGw== Completed in 3ms
140 http fetch GET 200 https://registry.npmjs.org/concat-map/-/concat-map-0.0.1.tgz 217ms (cache miss)
141 timing reifyNode:node_modules/concat-map Completed in 305ms
142 http fetch GET 200 https://registry.npmjs.org/escape-string-regexp/-/escape-string-regexp-1.0.5.tgz 235ms (cache miss)
143 timing reifyNode:node_modules/escape-string-regexp Completed in 309ms
144 http fetch GET 200 https://registry.npmjs.org/inherits/-/inherits-2.0.3.tgz 261ms (cache miss)
145 timing reifyNode:node_modules/inherits Completed in 312ms
146 http fetch GET 200 https://registry.npmjs.org/fs.realpath/-/fs.realpath-1.0.0.tgz 246ms (cache miss)
147 timing reifyNode:node_modules/fs.realpath Completed in 318ms
148 http fetch GET 200 https://registry.npmjs.org/once/-/once-1.4.0.tgz 295ms (cache miss)
149 timing reifyNode:node_modules/once Completed in 324ms
150 http fetch GET 200 https://registry.npmjs.org/balanced-match/-/balanced-match-1.0.0.tgz 217ms (cache miss)
151 timing reifyNode:node_modules/balanced-match Completed in 327ms
152 http fetch GET 200 https://registry.npmjs.org/inflight/-/inflight-1.0.6.tgz 276ms (cache miss)
153 timing reifyNode:node_modules/inflight Completed in 330ms
154 http fetch GET 200 https://registry.npmjs.org/ms/-/ms-2.0.0.tgz 301ms (cache miss)
155 timing reifyNode:node_modules/ms Completed in 333ms
156 http fetch GET 200 https://registry.npmjs.org/browser-stdout/-/browser-stdout-1.3.1.tgz 259ms (cache miss)
157 timing reifyNode:node_modules/browser-stdout Completed in 358ms
158 http fetch GET 200 https://registry.npmjs.org/brace-expansion/-/brace-expansion-1.1.11.tgz 256ms (cache miss)
159 timing reifyNode:node_modules/brace-expansion Completed in 362ms
160 http fetch GET 200 https://registry.npmjs.org/has-flag/-/has-flag-3.0.0.tgz 304ms (cache miss)
161 timing reifyNode:node_modules/has-flag Completed in 368ms
162 http fetch GET 200 https://registry.npmjs.org/debug/-/debug-3.1.0.tgz 288ms (cache miss)
163 timing reifyNode:node_modules/debug Completed in 373ms
164 http fetch GET 200 https://registry.npmjs.org/minimatch/-/minimatch-3.0.4.tgz 332ms (cache miss)
165 timing reifyNode:node_modules/minimatch Completed in 381ms
166 http fetch GET 200 https://registry.npmjs.org/minimist/-/minimist-0.0.8.tgz 339ms (cache miss)
167 timing reifyNode:node_modules/minimist Completed in 384ms
168 http fetch GET 200 https://registry.npmjs.org/growl/-/growl-1.10.5.tgz 320ms (cache miss)
169 timing reifyNode:node_modules/growl Completed in 387ms
170 timing metavuln:cache:put:security-advisory:mkdirp:CE+8U4ZPtjiJPdI/iyhBm/J/6iJ6W46YsdmRUqqyg6mDC09+mfWZqqAHYSzlnfbGA992zvUCP+SrVPVrG01dvA== Completed in 89ms
171 timing metavuln:calculate:security-advisory:mkdirp:nZkhUdPEpKwzIx1nekYW4B7BHQyF2nm6J0JsgeP2HfA0DRMT5hhByRU71A4RPgtBbQPYEzVBozv8/mBZCafaGw== Completed in 94ms
172 timing metavuln:packument:mocha Completed in 0ms
173 http fetch GET 200 https://registry.npmjs.org/commander/-/commander-2.15.1.tgz 301ms (cache miss)
174 timing reifyNode:node_modules/commander Completed in 392ms
175 timing metavuln:cache:get:security-advisory:mocha:a2UTwJHbOwqFVXDweu2bAwUJ3POWUstGCbBEiudZsU6oIdDZ/Tr1KOJLG92K6PTJ8dcctIHpS39HgU2oCbY4MQ== Completed in 9ms
176 timing metavuln:load:security-advisory:mocha:CE+8U4ZPtjiJPdI/iyhBm/J/6iJ6W46YsdmRUqqyg6mDC09+mfWZqqAHYSzlnfbGA992zvUCP+SrVPVrG01dvA== Completed in 12ms
177 http fetch GET 200 https://registry.npmjs.org/mkdirp/-/mkdirp-0.5.1.tgz 376ms (cache miss)
178 warn deprecated mkdirp@0.5.1: Legacy versions of mkdirp are no longer supported. Please update to mkdirp 1.x. (Note that the API surface has changed to use Promises in 1.x.)
179 timing reifyNode:node_modules/mkdirp Completed in 414ms
180 http fetch GET 200 https://registry.npmjs.org/he/-/he-1.1.1.tgz 363ms (cache miss)
181 timing reifyNode:node_modules/he Completed in 420ms
182 timing metavuln:cache:put:security-advisory:mocha:a2UTwJHbOwqFVXDweu2bAwUJ3POWUstGCbBEiudZsU6oIdDZ/Tr1KOJLG92K6PTJ8dcctIHpS39HgU2oCbY4MQ== Completed in 16ms
183 timing metavuln:calculate:security-advisory:mocha:CE+8U4ZPtjiJPdI/iyhBm/J/6iJ6W46YsdmRUqqyg6mDC09+mfWZqqAHYSzlnfbGA992zvUCP+SrVPVrG01dvA== Completed in 37ms
184 timing auditReport:init Completed in 236ms
185 timing reify:audit Completed in 434ms
186 http fetch GET 200 https://registry.npmjs.org/diff/-/diff-3.5.0.tgz 363ms (cache miss)
187 timing reifyNode:node_modules/diff Completed in 446ms
188 http fetch GET 200 https://registry.npmjs.org/mocha/-/mocha-5.2.0.tgz 429ms (cache miss)
189 timing reifyNode:node_modules/mocha Completed in 463ms
190 timing reify:unpack Completed in 464ms
191 timing reify:unretire Completed in 0ms
192 timing build:queue Completed in 1ms
193 timing build:link:node_modules/he Completed in 2ms
194 timing build:link:node_modules/mocha Completed in 2ms
195 timing build:link:node_modules/mkdirp Completed in 2ms
196 timing build:link Completed in 2ms
197 timing build:deps Completed in 4ms
198 timing build Completed in 4ms
199 timing reify:build Completed in 4ms
200 timing reify:trash Completed in 0ms
201 timing reify:save Completed in 5ms
202 timing reify Completed in 893ms
203 silly ADD node_modules/wrappy
204 silly ADD node_modules/supports-color
205 silly ADD node_modules/path-is-absolute
206 silly ADD node_modules/once
207 silly ADD node_modules/ms
208 silly ADD node_modules/mocha
209 silly ADD node_modules/mkdirp
210 silly ADD node_modules/minimist
211 silly ADD node_modules/minimatch
212 silly ADD node_modules/inherits
213 silly ADD node_modules/inflight
214 silly ADD node_modules/he
215 silly ADD node_modules/has-flag
216 silly ADD node_modules/growl
217 silly ADD node_modules/glob
218 silly ADD node_modules/fs.realpath
219 silly ADD node_modules/escape-string-regexp
220 silly ADD node_modules/diff
221 silly ADD node_modules/debug
222 silly ADD node_modules/concat-map
223 silly ADD node_modules/commander
224 silly ADD node_modules/browser-stdout
225 silly ADD node_modules/brace-expansion
226 silly ADD node_modules/balanced-match
227 timing command:install Completed in 905ms
228 verbose exit 0
229 timing npm Completed in 1060ms
230 info ok
