Started at Tue May 24 20:02:21 UTC 2022
Processing hello_platzi
Offering hello_platzi to Project Build Discarder
hello_platzi accepted by Project Build Discarder
Processing parameterized
Offering parameterized to Project Build Discarder
Processing test-pipeline-sum-node
Offering test-pipeline-sum-node to Project Build Discarder
Processing test-sum-node
Offering test-sum-node to Project Build Discarder
Processing watchers
Offering watchers to Project Build Discarder
Finished at Tue May 24 20:02:21 UTC 2022. 149ms
Started at Tue May 24 21:02:21 UTC 2022
Processing hello_platzi
Offering hello_platzi to Project Build Discarder
hello_platzi accepted by Project Build Discarder
Processing parameterized
Offering parameterized to Project Build Discarder
Processing test-pipeline-sum-node
Offering test-pipeline-sum-node to Project Build Discarder
Processing test-sum-node
Offering test-sum-node to Project Build Discarder
Processing watchers
Offering watchers to Project Build Discarder
Finished at Tue May 24 21:02:21 UTC 2022. 2ms
Started at Tue May 24 22:02:21 UTC 2022
Processing hello_platzi
Offering hello_platzi to Project Build Discarder
hello_platzi accepted by Project Build Discarder
Processing parameterized
Offering parameterized to Project Build Discarder
Processing test-pipeline-sum-node
Offering test-pipeline-sum-node to Project Build Discarder
Processing test-sum-node
Offering test-sum-node to Project Build Discarder
Processing watchers
Offering watchers to Project Build Discarder
Finished at Tue May 24 22:02:21 UTC 2022. 1ms
Started at Tue May 24 23:02:21 UTC 2022
Processing hello_platzi
Offering hello_platzi to Project Build Discarder
hello_platzi accepted by Project Build Discarder
Processing parameterized
Offering parameterized to Project Build Discarder
Processing test-pipeline-sum-node
Offering test-pipeline-sum-node to Project Build Discarder
Processing test-sum-node
Offering test-sum-node to Project Build Discarder
Processing watchers
Offering watchers to Project Build Discarder
Finished at Tue May 24 23:02:21 UTC 2022. 1ms
Started at Wed May 25 00:02:21 UTC 2022
Processing hello_platzi
Offering hello_platzi to Project Build Discarder
hello_platzi accepted by Project Build Discarder
Processing parameterized
Offering parameterized to Project Build Discarder
Processing test-pipeline-sum-node
Offering test-pipeline-sum-node to Project Build Discarder
Processing test-sum-node
Offering test-sum-node to Project Build Discarder
Processing watchers
Offering watchers to Project Build Discarder
Finished at Wed May 25 00:02:21 UTC 2022. 1ms
Started at Wed May 25 01:02:21 UTC 2022
Processing hello_platzi
Offering hello_platzi to Project Build Discarder
hello_platzi accepted by Project Build Discarder
Processing parameterized
Offering parameterized to Project Build Discarder
Processing test-pipeline-sum-node
Offering test-pipeline-sum-node to Project Build Discarder
Processing test-sum-node
Offering test-sum-node to Project Build Discarder
Processing watchers
Offering watchers to Project Build Discarder
Finished at Wed May 25 01:02:21 UTC 2022. 3ms
Started at Wed May 25 02:02:21 UTC 2022
Processing hello_platzi
Offering hello_platzi to Project Build Discarder
hello_platzi accepted by Project Build Discarder
Processing parameterized
Offering parameterized to Project Build Discarder
Processing test-pipeline-sum-node
Offering test-pipeline-sum-node to Project Build Discarder
Processing test-sum-node
Offering test-sum-node to Project Build Discarder
Processing watchers
Offering watchers to Project Build Discarder
Finished at Wed May 25 02:02:21 UTC 2022. 3ms
